2026-01-08 12:44:44 [INFO] 
2026-01-08 12:44:44 [INFO] ============================================================
2026-01-08 12:44:44 [INFO] PUBL DATA MANAGER
2026-01-08 12:44:44 [INFO] 시작 시간: 2026-01-08 12:44:44
2026-01-08 12:44:44 [INFO] ============================================================
2026-01-08 12:44:44 [INFO] 
2026-01-08 12:44:44 [INFO] ############################################################
2026-01-08 12:44:44 [INFO] # STEP 1: 데이터 다운로드
2026-01-08 12:44:44 [INFO] ############################################################
2026-01-08 12:44:45 [INFO] ==================================================
2026-01-08 12:44:45 [INFO] 1. 로그인
2026-01-08 12:44:45 [INFO] ==================================================
2026-01-08 12:44:45 [DEBUG] 저장된 세션 확인 중...
2026-01-08 12:44:50 [INFO] 세션 만료, 다시 로그인...
2026-01-08 12:44:51 [INFO] 로그인 완료! (세션 저장됨)
2026-01-08 12:44:51 [INFO] 
2026-01-08 12:44:51 [INFO] ==================================================
2026-01-08 12:44:51 [INFO] 2. 회원 목록 다운로드
2026-01-08 12:44:51 [INFO] ==================================================
2026-01-08 12:44:55 [DEBUG] 저장 완료: 260108_124444_members.csv
2026-01-08 12:44:55 [INFO] 
2026-01-08 12:44:55 [INFO] ==================================================
2026-01-08 12:44:55 [INFO] 3. 주문 목록 (Latest) 다운로드
2026-01-08 12:44:55 [INFO] ==================================================
2026-01-08 12:44:57 [DEBUG] 저장 완료: 260108_124444_orders_latest.csv
2026-01-08 12:44:57 [INFO] 
2026-01-08 12:44:57 [INFO] ==================================================
2026-01-08 12:44:57 [INFO] 4. 환불 목록 다운로드
2026-01-08 12:44:57 [INFO] ==================================================
2026-01-08 12:44:58 [DEBUG] 저장 완료: 260108_124444_refunds.csv
2026-01-08 12:44:58 [INFO] 
2026-01-08 12:44:58 [INFO] ==================================================
2026-01-08 12:44:58 [INFO] 다운로드 완료!
2026-01-08 12:44:58 [INFO] ==================================================
2026-01-08 12:44:58 [INFO] 
2026-01-08 12:44:58 [INFO] ############################################################
2026-01-08 12:44:58 [INFO] # STEP 2: Airtable 동기화
2026-01-08 12:44:58 [INFO] ############################################################
2026-01-08 12:44:58 [INFO] 
============================================================
2026-01-08 12:44:58 [INFO] AIRTABLE 동기화 시작
2026-01-08 12:44:58 [INFO] ============================================================
2026-01-08 12:44:58 [INFO] 
==================================================
2026-01-08 12:44:58 [INFO] 테이블 존재 확인
2026-01-08 12:44:58 [INFO] ==================================================
2026-01-08 12:45:03 [INFO] 기존 테이블: Products, Members, Orders, Refunds, SyncHistory, MemberProducts
2026-01-08 12:45:03 [INFO] Products 테이블 이미 존재
2026-01-08 12:45:03 [INFO] MemberProducts 테이블 이미 존재
2026-01-08 12:45:03 [INFO] 
==================================================
2026-01-08 12:45:03 [INFO] Airtable 회원 동기화: 260108_124444_members.csv
2026-01-08 12:45:03 [INFO] ==================================================
2026-01-08 12:45:03 [INFO] CSV 레코드: 2016
2026-01-08 12:45:15 [INFO] Airtable 기존 레코드: 2014
2026-01-08 12:45:15 [INFO] 새 레코드: 3
2026-01-08 12:45:16 [INFO] 삽입 완료: 3개
2026-01-08 12:45:22 [INFO] ✓ 카운트 검증 완료: 2017개
2026-01-08 12:45:22 [INFO] 
==================================================
2026-01-08 12:45:22 [INFO] Airtable 주문 동기화: 260108_124444_orders_latest.csv
2026-01-08 12:45:22 [INFO] ==================================================
2026-01-08 12:45:22 [INFO] CSV 레코드: 300
2026-01-08 12:45:36 [INFO] Airtable 기존 주문: 3098
2026-01-08 12:45:36 [INFO] 새 레코드: 3
2026-01-08 12:45:36 [INFO] 삽입 완료: 3개
2026-01-08 12:45:36 [INFO] 
==================================================
2026-01-08 12:45:36 [INFO] Airtable 상품 동기화
2026-01-08 12:45:36 [INFO] ==================================================
2026-01-08 12:45:36 [INFO] CSV에서 발견된 상품: 7종
2026-01-08 12:45:37 [INFO] Airtable 기존 상품: 41
2026-01-08 12:45:37 [INFO] 새 상품: 0
2026-01-08 12:45:37 [INFO] 
==================================================
2026-01-08 12:45:37 [INFO] Airtable 회원별 상품 동기화 (신규만)
2026-01-08 12:45:37 [INFO] ==================================================
2026-01-08 12:45:37 [INFO] 데이터 조회 중...
2026-01-08 12:45:47 [INFO]   Members: 2017개
2026-01-08 12:45:47 [INFO]   Products: 41개
2026-01-08 12:45:47 [INFO]   MemberProducts 기존: 1385개
2026-01-08 12:45:47 [INFO] Orders 집계 중...
2026-01-08 12:45:56 [INFO]   회원+상품 조합: 1389개
2026-01-08 12:45:56 [INFO] 새 레코드: 1
2026-01-08 12:45:56 [INFO] 삽입 완료: 1개
2026-01-08 12:45:56 [INFO] 
==================================================
2026-01-08 12:45:56 [INFO] Orders → MemberProducts 연결 업데이트
2026-01-08 12:45:56 [INFO] ==================================================
2026-01-08 12:46:00 [INFO] MemberProducts: 1386개
2026-01-08 12:46:09 [INFO] Orders 전체: 3101개
2026-01-08 12:46:09 [INFO] 연결 대상: 3개
2026-01-08 12:46:09 [INFO] 연결 완료: 3개
2026-01-08 12:46:09 [INFO] 
==================================================
2026-01-08 12:46:09 [INFO] Airtable 환불 동기화: 260108_124444_refunds.csv
2026-01-08 12:46:09 [INFO] ==================================================
2026-01-08 12:46:09 [INFO] CSV 레코드: 71
2026-01-08 12:46:19 [INFO] Airtable 기존 환불: 70
2026-01-08 12:46:19 [INFO] 미결정 상태 환불: 0
2026-01-08 12:46:19 [INFO] 새 환불 레코드: 1
2026-01-08 12:46:19 [INFO] 상태 업데이트 대상: 0
2026-01-08 12:46:19 [INFO] 환불 삽입 완료: 1개
2026-01-08 12:46:19 [INFO] 
2026-01-08 12:46:19 [INFO] ############################################################
2026-01-08 12:46:19 [INFO] # STEP 3: 파일 아카이브
2026-01-08 12:46:19 [INFO] ############################################################
2026-01-08 12:46:19 [INFO] 3개 파일을 archive 폴더로 이동
2026-01-08 12:46:19 [INFO] 
2026-01-08 12:46:19 [INFO] ============================================================
2026-01-08 12:46:19 [INFO] 실행 결과 요약
2026-01-08 12:46:19 [INFO] ============================================================
2026-01-08 12:46:19 [INFO] 
2026-01-08 12:46:19 [INFO] [다운로드]
2026-01-08 12:46:19 [INFO]   members: 260108_124444_members.csv
2026-01-08 12:46:19 [INFO]   orders: 260108_124444_orders_latest.csv
2026-01-08 12:46:19 [INFO]   refunds: 260108_124444_refunds.csv
2026-01-08 12:46:19 [INFO] 
2026-01-08 12:46:19 [INFO] [Airtable 동기화]
2026-01-08 12:46:19 [INFO]   MEMBERS: 3개 신규
2026-01-08 12:46:19 [INFO]   ORDERS: 3개 신규
2026-01-08 12:46:19 [INFO]   PRODUCTS: 0개 신규
2026-01-08 12:46:19 [INFO]   MEMBER_PRODUCTS: 1개 신규
2026-01-08 12:46:19 [INFO]   REFUNDS: 1개 신규, 0개 업데이트
2026-01-08 12:46:19 [INFO] 
2026-01-08 12:46:19 [INFO] [아카이브]
2026-01-08 12:46:19 [INFO]   3개 파일 이동
2026-01-08 12:46:19 [INFO] 
2026-01-08 12:46:19 [INFO] ============================================================
2026-01-08 12:46:19 [INFO] 완료 시간: 2026-01-08 12:46:19
2026-01-08 12:46:19 [INFO] 소요 시간: 95.5초
2026-01-08 12:46:19 [INFO] ============================================================
2026-01-08 12:46:19 [INFO] 
2026-01-08 12:46:19 [INFO] ############################################################
2026-01-08 12:46:19 [INFO] # STEP 4: 히스토리 기록
2026-01-08 12:46:19 [INFO] ############################################################
2026-01-08 12:46:19 [INFO] 
==================================================
2026-01-08 12:46:19 [INFO] 동기화 히스토리 기록
2026-01-08 12:46:19 [INFO] ==================================================
2026-01-08 12:46:20 [INFO] 히스토리 기록 완료: Success
