2026-01-09 05:37:16 [INFO] 
2026-01-09 05:37:16 [INFO] ============================================================
2026-01-09 05:37:16 [INFO] PUBL DATA MANAGER
2026-01-09 05:37:16 [INFO] 시작 시간: 2026-01-09 05:37:16
2026-01-09 05:37:16 [INFO] ============================================================
2026-01-09 05:37:16 [INFO] 
2026-01-09 05:37:16 [INFO] ############################################################
2026-01-09 05:37:16 [INFO] # STEP 1: 데이터 다운로드
2026-01-09 05:37:16 [INFO] ############################################################
2026-01-09 05:37:17 [INFO] 
2026-01-09 05:37:17 [INFO] ==================================================
2026-01-09 05:37:17 [INFO] 1. 로그인
2026-01-09 05:37:17 [INFO] ==================================================
2026-01-09 05:37:17 [DEBUG] 저장된 세션 확인 중...
2026-01-09 05:37:23 [INFO] 세션 만료, 다시 로그인...
2026-01-09 05:37:25 [INFO] 로그인 완료! (세션 저장됨)
2026-01-09 05:37:25 [INFO] 
2026-01-09 05:37:25 [INFO] ==================================================
2026-01-09 05:37:25 [INFO] 2. 회원 목록 다운로드
2026-01-09 05:37:25 [INFO] ==================================================
2026-01-09 05:37:30 [DEBUG] 저장 완료: 260109_053716_members.csv
2026-01-09 05:37:30 [INFO] 
2026-01-09 05:37:30 [INFO] ==================================================
2026-01-09 05:37:30 [INFO] 3. 주문 목록 (Latest) 다운로드
2026-01-09 05:37:30 [INFO] ==================================================
2026-01-09 05:37:32 [DEBUG] 저장 완료: 260109_053716_orders_latest.csv
2026-01-09 05:37:32 [INFO] 
2026-01-09 05:37:32 [INFO] ==================================================
2026-01-09 05:37:32 [INFO] 4. 환불 목록 다운로드
2026-01-09 05:37:32 [INFO] ==================================================
2026-01-09 05:37:34 [DEBUG] 저장 완료: 260109_053716_refunds.csv
2026-01-09 05:37:34 [INFO] 
2026-01-09 05:37:34 [INFO] ==================================================
2026-01-09 05:37:34 [INFO] 다운로드 완료!
2026-01-09 05:37:34 [INFO] ==================================================
2026-01-09 05:37:34 [INFO] 
2026-01-09 05:37:34 [INFO] ############################################################
2026-01-09 05:37:34 [INFO] # STEP 2: Airtable 동기화
2026-01-09 05:37:34 [INFO] ############################################################
2026-01-09 05:37:34 [INFO] 
============================================================
2026-01-09 05:37:34 [INFO] AIRTABLE 동기화 시작
2026-01-09 05:37:34 [INFO] ============================================================
2026-01-09 05:37:34 [INFO] 
==================================================
2026-01-09 05:37:34 [INFO] 테이블 존재 확인
2026-01-09 05:37:34 [INFO] ==================================================
2026-01-09 05:37:39 [INFO] 기존 테이블: Members, MemberProducts, Refunds, SyncHistory, Orders, Products
2026-01-09 05:37:39 [INFO] Products 테이블 이미 존재
2026-01-09 05:37:39 [INFO] MemberProducts 테이블 이미 존재
2026-01-09 05:37:39 [INFO] 
==================================================
2026-01-09 05:37:39 [INFO] Airtable 회원 동기화: 260109_053716_members.csv
2026-01-09 05:37:39 [INFO] ==================================================
2026-01-09 05:37:39 [INFO] CSV 레코드: 2017
2026-01-09 05:37:52 [INFO] Airtable 기존 레코드: 2017
2026-01-09 05:37:52 [INFO] 새 레코드: 1
2026-01-09 05:37:53 [INFO] 삽입 완료: 1개
2026-01-09 05:37:59 [INFO] ✓ 카운트 검증 완료: 2018개
2026-01-09 05:37:59 [INFO] 
==================================================
2026-01-09 05:37:59 [INFO] Airtable 주문 동기화: 260109_053716_orders_latest.csv
2026-01-09 05:37:59 [INFO] ==================================================
2026-01-09 05:37:59 [INFO] CSV 레코드: 300
2026-01-09 05:38:15 [INFO] Airtable 기존 주문: 3101
2026-01-09 05:38:15 [INFO] 새 레코드: 2
2026-01-09 05:38:16 [INFO] 삽입 완료: 2개
2026-01-09 05:38:16 [INFO] 
==================================================
2026-01-09 05:38:16 [INFO] Airtable 상품 동기화
2026-01-09 05:38:16 [INFO] ==================================================
2026-01-09 05:38:16 [INFO] CSV에서 발견된 상품: 7종
2026-01-09 05:38:16 [INFO] Airtable 기존 상품: 41
2026-01-09 05:38:16 [INFO] 새 상품: 0
2026-01-09 05:38:16 [INFO] 
==================================================
2026-01-09 05:38:16 [INFO] Airtable 회원별 상품 동기화 (신규만)
2026-01-09 05:38:16 [INFO] ==================================================
2026-01-09 05:38:16 [INFO] 데이터 조회 중...
2026-01-09 05:38:27 [INFO]   Members: 2018개
2026-01-09 05:38:27 [INFO]   Products: 41개
2026-01-09 05:38:27 [INFO]   MemberProducts 기존: 1386개
2026-01-09 05:38:27 [INFO] Orders 집계 중...
2026-01-09 05:38:36 [INFO]   회원+상품 조합: 1389개
2026-01-09 05:38:36 [INFO] 새 레코드: 0
2026-01-09 05:38:36 [INFO] 
==================================================
2026-01-09 05:38:36 [INFO] Orders → MemberProducts 연결 업데이트
2026-01-09 05:38:36 [INFO] ==================================================
2026-01-09 05:38:40 [INFO] MemberProducts: 1386개
2026-01-09 05:38:50 [INFO] Orders 전체: 3103개
2026-01-09 05:38:50 [INFO] 연결 대상: 2개
2026-01-09 05:38:50 [INFO] 연결 완료: 2개
2026-01-09 05:38:50 [INFO] 
==================================================
2026-01-09 05:38:50 [INFO] Airtable 환불 동기화: 260109_053716_refunds.csv
2026-01-09 05:38:50 [INFO] ==================================================
2026-01-09 05:38:50 [INFO] CSV 레코드: 71
2026-01-09 05:39:00 [INFO] Airtable 기존 환불: 71
2026-01-09 05:39:00 [INFO] 미결정 상태 환불: 0
2026-01-09 05:39:00 [INFO] 새 환불 레코드: 0
2026-01-09 05:39:00 [INFO] 상태 업데이트 대상: 0
2026-01-09 05:39:00 [INFO] 
2026-01-09 05:39:00 [INFO] ############################################################
2026-01-09 05:39:00 [INFO] # STEP 3: 파일 아카이브
2026-01-09 05:39:00 [INFO] ############################################################
2026-01-09 05:39:00 [INFO] 3개 파일을 archive 폴더로 이동
2026-01-09 05:39:00 [INFO] 
2026-01-09 05:39:00 [INFO] ============================================================
2026-01-09 05:39:00 [INFO] 실행 결과 요약
2026-01-09 05:39:00 [INFO] ============================================================
2026-01-09 05:39:00 [INFO] 
2026-01-09 05:39:00 [INFO] [다운로드]
2026-01-09 05:39:00 [INFO]   members: 260109_053716_members.csv
2026-01-09 05:39:00 [INFO]   orders: 260109_053716_orders_latest.csv
2026-01-09 05:39:00 [INFO]   refunds: 260109_053716_refunds.csv
2026-01-09 05:39:00 [INFO] 
2026-01-09 05:39:00 [INFO] [Airtable 동기화]
2026-01-09 05:39:00 [INFO]   MEMBERS: 1개 신규
2026-01-09 05:39:00 [INFO]   ORDERS: 2개 신규
2026-01-09 05:39:00 [INFO]   PRODUCTS: 0개 신규
2026-01-09 05:39:00 [INFO]   MEMBER_PRODUCTS: 0개 신규
2026-01-09 05:39:00 [INFO]   REFUNDS: 0개 신규, 0개 업데이트
2026-01-09 05:39:00 [INFO] 
2026-01-09 05:39:00 [INFO] [아카이브]
2026-01-09 05:39:00 [INFO]   3개 파일 이동
2026-01-09 05:39:00 [INFO] 
2026-01-09 05:39:00 [INFO] ============================================================
2026-01-09 05:39:00 [INFO] 완료 시간: 2026-01-09 05:39:00
2026-01-09 05:39:00 [INFO] 소요 시간: 104.2초
2026-01-09 05:39:00 [INFO] ============================================================
2026-01-09 05:39:00 [INFO] 
2026-01-09 05:39:00 [INFO] ############################################################
2026-01-09 05:39:00 [INFO] # STEP 4: 히스토리 기록
2026-01-09 05:39:00 [INFO] ############################################################
2026-01-09 05:39:00 [INFO] 
==================================================
2026-01-09 05:39:00 [INFO] 동기화 히스토리 기록
2026-01-09 05:39:00 [INFO] ==================================================
2026-01-09 05:39:01 [INFO] 히스토리 기록 완료: Success
2026-01-09 17:55:07 [INFO] 
2026-01-09 17:55:07 [INFO] ============================================================
2026-01-09 17:55:07 [INFO] PUBL DATA MANAGER
2026-01-09 17:55:07 [INFO] 시작 시간: 2026-01-09 17:55:07
2026-01-09 17:55:07 [INFO] ============================================================
2026-01-09 17:55:07 [INFO] 
2026-01-09 17:55:07 [INFO] ############################################################
2026-01-09 17:55:07 [INFO] # STEP 1: 데이터 다운로드
2026-01-09 17:55:07 [INFO] ############################################################
2026-01-09 17:55:08 [INFO] 
2026-01-09 17:55:08 [INFO] ==================================================
2026-01-09 17:55:08 [INFO] 1. 로그인
2026-01-09 17:55:08 [INFO] ==================================================
2026-01-09 17:55:08 [DEBUG] 저장된 세션 확인 중...
2026-01-09 17:55:13 [INFO] 세션 만료, 다시 로그인...
2026-01-09 17:55:16 [INFO] 로그인 완료! (세션 저장됨)
2026-01-09 17:55:16 [INFO] 
2026-01-09 17:55:16 [INFO] ==================================================
2026-01-09 17:55:16 [INFO] 2. 회원 목록 다운로드
2026-01-09 17:55:16 [INFO] ==================================================
2026-01-09 17:55:20 [DEBUG] 저장 완료: 260109_175507_members.csv
2026-01-09 17:55:20 [INFO] 
2026-01-09 17:55:20 [INFO] ==================================================
2026-01-09 17:55:20 [INFO] 3. 주문 목록 (Latest) 다운로드
2026-01-09 17:55:20 [INFO] ==================================================
2026-01-09 17:55:23 [DEBUG] 저장 완료: 260109_175507_orders_latest.csv
2026-01-09 17:55:23 [INFO] 
2026-01-09 17:55:23 [INFO] ==================================================
2026-01-09 17:55:23 [INFO] 4. 환불 목록 다운로드
2026-01-09 17:55:23 [INFO] ==================================================
2026-01-09 17:55:24 [DEBUG] 저장 완료: 260109_175507_refunds.csv
2026-01-09 17:55:24 [INFO] 
2026-01-09 17:55:24 [INFO] ==================================================
2026-01-09 17:55:24 [INFO] 다운로드 완료!
2026-01-09 17:55:24 [INFO] ==================================================
2026-01-09 17:55:25 [INFO] 
2026-01-09 17:55:25 [INFO] ############################################################
2026-01-09 17:55:25 [INFO] # STEP 2: Airtable 동기화
2026-01-09 17:55:25 [INFO] ############################################################
2026-01-09 17:55:25 [INFO] 
============================================================
2026-01-09 17:55:25 [INFO] AIRTABLE 동기화 시작
2026-01-09 17:55:25 [INFO] ============================================================
2026-01-09 17:55:25 [INFO] 
==================================================
2026-01-09 17:55:25 [INFO] 테이블 존재 확인
2026-01-09 17:55:25 [INFO] ==================================================
2026-01-09 17:55:26 [INFO] 기존 테이블: SyncHistory, Refunds, Members, DocumentIssuance, Orders, MemberProducts, Products
2026-01-09 17:55:26 [INFO] Products 테이블 이미 존재
2026-01-09 17:55:26 [INFO] MemberProducts 테이블 이미 존재
2026-01-09 17:55:26 [INFO] 
==================================================
2026-01-09 17:55:26 [INFO] Airtable 회원 동기화: 260109_175507_members.csv
2026-01-09 17:55:26 [INFO] ==================================================
2026-01-09 17:55:26 [INFO] CSV 레코드: 2018
2026-01-09 17:55:38 [INFO] Airtable 기존 레코드: 2018
2026-01-09 17:55:38 [INFO] 새 레코드: 1
2026-01-09 17:55:38 [INFO] 삽입 완료: 1개
2026-01-09 17:55:44 [INFO] ✓ 카운트 검증 완료: 2019개
2026-01-09 17:55:44 [INFO] 
==================================================
2026-01-09 17:55:44 [INFO] Airtable 주문 동기화: 260109_175507_orders_latest.csv
2026-01-09 17:55:44 [INFO] ==================================================
2026-01-09 17:55:44 [INFO] CSV 레코드: 300
2026-01-09 17:56:00 [INFO] Airtable 기존 주문: 3103
2026-01-09 17:56:00 [INFO] 새 레코드: 3
2026-01-09 17:56:00 [INFO] 삽입 완료: 3개
2026-01-09 17:56:00 [INFO] 
==================================================
2026-01-09 17:56:00 [INFO] Airtable 상품 동기화
2026-01-09 17:56:00 [INFO] ==================================================
2026-01-09 17:56:00 [INFO] CSV에서 발견된 상품: 7종
2026-01-09 17:56:01 [INFO] Airtable 기존 상품: 41
2026-01-09 17:56:01 [INFO] 새 상품: 0
2026-01-09 17:56:01 [INFO] 
==================================================
2026-01-09 17:56:01 [INFO] Airtable 회원별 상품 동기화 (신규만)
2026-01-09 17:56:01 [INFO] ==================================================
2026-01-09 17:56:01 [INFO] 데이터 조회 중...
2026-01-09 17:56:11 [INFO]   Members: 2019개
2026-01-09 17:56:11 [INFO]   Products: 41개
2026-01-09 17:56:11 [INFO]   MemberProducts 기존: 1386개
2026-01-09 17:56:11 [INFO] Orders 집계 중...
2026-01-09 17:56:21 [INFO]   회원+상품 조합: 1389개
2026-01-09 17:56:21 [INFO] 새 레코드: 0
2026-01-09 17:56:21 [INFO] 
==================================================
2026-01-09 17:56:21 [INFO] Orders → MemberProducts 연결 업데이트
2026-01-09 17:56:21 [INFO] ==================================================
2026-01-09 17:56:25 [INFO] MemberProducts: 1386개
2026-01-09 17:56:34 [INFO] Orders 전체: 3106개
2026-01-09 17:56:34 [INFO] 연결 대상: 3개
2026-01-09 17:56:34 [INFO] 연결 완료: 3개
2026-01-09 17:56:34 [INFO] 
==================================================
2026-01-09 17:56:34 [INFO] Airtable 환불 동기화: 260109_175507_refunds.csv
2026-01-09 17:56:34 [INFO] ==================================================
2026-01-09 17:56:34 [INFO] CSV 레코드: 71
2026-01-09 17:56:44 [INFO] Airtable 기존 환불: 71
2026-01-09 17:56:44 [INFO] 미결정 상태 환불: 0
2026-01-09 17:56:44 [INFO] 새 환불 레코드: 0
2026-01-09 17:56:44 [INFO] 상태 업데이트 대상: 0
2026-01-09 17:56:44 [INFO] 
2026-01-09 17:56:44 [INFO] ############################################################
2026-01-09 17:56:44 [INFO] # STEP 3: 파일 아카이브
2026-01-09 17:56:44 [INFO] ############################################################
2026-01-09 17:56:44 [INFO] 3개 파일을 archive 폴더로 이동
2026-01-09 17:56:44 [INFO] 
2026-01-09 17:56:44 [INFO] ============================================================
2026-01-09 17:56:44 [INFO] 실행 결과 요약
2026-01-09 17:56:44 [INFO] ============================================================
2026-01-09 17:56:44 [INFO] 
2026-01-09 17:56:44 [INFO] [다운로드]
2026-01-09 17:56:44 [INFO]   members: 260109_175507_members.csv
2026-01-09 17:56:44 [INFO]   orders: 260109_175507_orders_latest.csv
2026-01-09 17:56:44 [INFO]   refunds: 260109_175507_refunds.csv
2026-01-09 17:56:44 [INFO] 
2026-01-09 17:56:44 [INFO] [Airtable 동기화]
2026-01-09 17:56:44 [INFO]   MEMBERS: 1개 신규
2026-01-09 17:56:44 [INFO]   ORDERS: 3개 신규
2026-01-09 17:56:44 [INFO]   PRODUCTS: 0개 신규
2026-01-09 17:56:44 [INFO]   MEMBER_PRODUCTS: 0개 신규
2026-01-09 17:56:44 [INFO]   REFUNDS: 0개 신규, 0개 업데이트
2026-01-09 17:56:44 [INFO] 
2026-01-09 17:56:44 [INFO] [아카이브]
2026-01-09 17:56:44 [INFO]   3개 파일 이동
2026-01-09 17:56:44 [INFO] 
2026-01-09 17:56:44 [INFO] ============================================================
2026-01-09 17:56:44 [INFO] 완료 시간: 2026-01-09 17:56:44
2026-01-09 17:56:44 [INFO] 소요 시간: 96.8초
2026-01-09 17:56:44 [INFO] ============================================================
2026-01-09 17:56:44 [INFO] 
2026-01-09 17:56:44 [INFO] ############################################################
2026-01-09 17:56:44 [INFO] # STEP 4: 히스토리 기록
2026-01-09 17:56:44 [INFO] ############################################################
2026-01-09 17:56:44 [INFO] 
==================================================
2026-01-09 17:56:44 [INFO] 동기화 히스토리 기록
2026-01-09 17:56:44 [INFO] ==================================================
2026-01-09 17:56:45 [INFO] 히스토리 기록 완료: Success
2026-01-09 18:12:16 [INFO] 
2026-01-09 18:12:16 [INFO] ============================================================
2026-01-09 18:12:16 [INFO] PUBL DATA MANAGER
2026-01-09 18:12:16 [INFO] 시작 시간: 2026-01-09 18:12:16
2026-01-09 18:12:16 [INFO] ============================================================
2026-01-09 18:12:16 [INFO] 
2026-01-09 18:12:16 [INFO] ############################################################
2026-01-09 18:12:16 [INFO] # STEP 1: 데이터 다운로드
2026-01-09 18:12:16 [INFO] ############################################################
2026-01-09 18:12:17 [INFO] 
2026-01-09 18:12:17 [INFO] ==================================================
2026-01-09 18:12:17 [INFO] 1. 로그인
2026-01-09 18:12:17 [INFO] ==================================================
2026-01-09 18:12:17 [DEBUG] 저장된 세션 확인 중...
2026-01-09 18:12:23 [INFO] 저장된 세션 사용!
2026-01-09 18:12:23 [INFO] 
2026-01-09 18:12:23 [INFO] ==================================================
2026-01-09 18:12:23 [INFO] 2. 회원 목록 다운로드
2026-01-09 18:12:23 [INFO] ==================================================
2026-01-09 18:12:27 [DEBUG] 저장 완료: 260109_181216_members.csv
2026-01-09 18:12:27 [INFO] 
2026-01-09 18:12:27 [INFO] ==================================================
2026-01-09 18:12:27 [INFO] 3. 주문 목록 (Latest) 다운로드
2026-01-09 18:12:27 [INFO] ==================================================
2026-01-09 18:12:30 [DEBUG] 저장 완료: 260109_181216_orders_latest.csv
2026-01-09 18:12:30 [INFO] 
2026-01-09 18:12:30 [INFO] ==================================================
2026-01-09 18:12:30 [INFO] 4. 환불 목록 다운로드
2026-01-09 18:12:30 [INFO] ==================================================
2026-01-09 18:12:31 [DEBUG] 저장 완료: 260109_181216_refunds.csv
2026-01-09 18:12:31 [INFO] 
2026-01-09 18:12:31 [INFO] ==================================================
2026-01-09 18:12:31 [INFO] 다운로드 완료!
2026-01-09 18:12:31 [INFO] ==================================================
2026-01-09 18:12:31 [INFO] 
2026-01-09 18:12:31 [INFO] ############################################################
2026-01-09 18:12:31 [INFO] # STEP 2: Airtable 동기화
2026-01-09 18:12:31 [INFO] ############################################################
2026-01-09 18:12:31 [INFO] 
============================================================
2026-01-09 18:12:31 [INFO] AIRTABLE 동기화 시작
2026-01-09 18:12:31 [INFO] ============================================================
2026-01-09 18:12:31 [INFO] 
==================================================
2026-01-09 18:12:31 [INFO] 테이블 존재 확인
2026-01-09 18:12:31 [INFO] ==================================================
2026-01-09 18:12:32 [INFO] 기존 테이블: MemberProducts, DocumentIssuance, Orders, SyncHistory, Members, Refunds, Products
2026-01-09 18:12:32 [INFO] Products 테이블 이미 존재
2026-01-09 18:12:32 [INFO] MemberProducts 테이블 이미 존재
2026-01-09 18:12:32 [INFO] 
==================================================
2026-01-09 18:12:32 [INFO] Airtable 회원 동기화: 260109_181216_members.csv
2026-01-09 18:12:32 [INFO] ==================================================
2026-01-09 18:12:32 [INFO] CSV 레코드: 2018
2026-01-09 18:12:44 [INFO] Airtable 기존 레코드: 2019
2026-01-09 18:12:44 [INFO] 새 레코드: 0
2026-01-09 18:12:44 [INFO] 
==================================================
2026-01-09 18:12:44 [INFO] Airtable 주문 동기화: 260109_181216_orders_latest.csv
2026-01-09 18:12:44 [INFO] ==================================================
2026-01-09 18:12:44 [INFO] CSV 레코드: 300
2026-01-09 18:13:00 [INFO] Airtable 기존 주문: 3106
2026-01-09 18:13:00 [INFO] 새 레코드: 0
2026-01-09 18:13:00 [INFO] 
==================================================
2026-01-09 18:13:00 [INFO] Airtable 상품 동기화
2026-01-09 18:13:00 [INFO] ==================================================
2026-01-09 18:13:00 [INFO] CSV에서 발견된 상품: 7종
2026-01-09 18:13:00 [INFO] Airtable 기존 상품: 41
2026-01-09 18:13:00 [INFO] 새 상품: 0
2026-01-09 18:13:00 [INFO] 
==================================================
2026-01-09 18:13:00 [INFO] Airtable 회원별 상품 동기화 (신규만)
2026-01-09 18:13:00 [INFO] ==================================================
2026-01-09 18:13:00 [INFO] 데이터 조회 중...
2026-01-09 18:13:10 [INFO]   Members: 2019개
2026-01-09 18:13:10 [INFO]   Products: 41개
2026-01-09 18:13:10 [INFO]   MemberProducts 기존: 1386개
2026-01-09 18:13:10 [INFO] Orders 집계 중...
2026-01-09 18:13:20 [INFO]   회원+상품 조합: 1389개
2026-01-09 18:13:20 [INFO] 새 레코드: 0
2026-01-09 18:13:20 [INFO] 
==================================================
2026-01-09 18:13:20 [INFO] Orders → MemberProducts 연결 업데이트
2026-01-09 18:13:20 [INFO] ==================================================
2026-01-09 18:13:24 [INFO] MemberProducts: 1386개
2026-01-09 18:13:33 [INFO] Orders 전체: 3106개
2026-01-09 18:13:33 [INFO] 연결 대상: 0개
2026-01-09 18:13:33 [INFO] 
==================================================
2026-01-09 18:13:33 [INFO] Airtable 환불 동기화: 260109_181216_refunds.csv
2026-01-09 18:13:33 [INFO] ==================================================
2026-01-09 18:13:33 [INFO] CSV 레코드: 71
2026-01-09 18:13:42 [INFO] Airtable 기존 환불: 71
2026-01-09 18:13:42 [INFO] 미결정 상태 환불: 0
2026-01-09 18:13:42 [INFO] 새 환불 레코드: 0
2026-01-09 18:13:42 [INFO] 상태 업데이트 대상: 0
2026-01-09 18:13:42 [INFO] 
2026-01-09 18:13:42 [INFO] ############################################################
2026-01-09 18:13:42 [INFO] # STEP 3: 파일 아카이브
2026-01-09 18:13:42 [INFO] ############################################################
2026-01-09 18:13:42 [INFO] 3개 파일을 archive 폴더로 이동
2026-01-09 18:13:42 [INFO] 
2026-01-09 18:13:42 [INFO] ============================================================
2026-01-09 18:13:42 [INFO] 실행 결과 요약
2026-01-09 18:13:42 [INFO] ============================================================
2026-01-09 18:13:42 [INFO] 
2026-01-09 18:13:42 [INFO] [다운로드]
2026-01-09 18:13:42 [INFO]   members: 260109_181216_members.csv
2026-01-09 18:13:42 [INFO]   orders: 260109_181216_orders_latest.csv
2026-01-09 18:13:42 [INFO]   refunds: 260109_181216_refunds.csv
2026-01-09 18:13:42 [INFO] 
2026-01-09 18:13:42 [INFO] [Airtable 동기화]
2026-01-09 18:13:42 [INFO]   MEMBERS: 0개 신규
2026-01-09 18:13:42 [INFO]   ORDERS: 0개 신규
2026-01-09 18:13:42 [INFO]   PRODUCTS: 0개 신규
2026-01-09 18:13:42 [INFO]   MEMBER_PRODUCTS: 0개 신규
2026-01-09 18:13:42 [INFO]   REFUNDS: 0개 신규, 0개 업데이트
2026-01-09 18:13:42 [INFO] 
2026-01-09 18:13:42 [INFO] [아카이브]
2026-01-09 18:13:42 [INFO]   3개 파일 이동
2026-01-09 18:13:42 [INFO] 
2026-01-09 18:13:42 [INFO] ============================================================
2026-01-09 18:13:42 [INFO] 완료 시간: 2026-01-09 18:13:42
2026-01-09 18:13:42 [INFO] 소요 시간: 86.4초
2026-01-09 18:13:42 [INFO] ============================================================
2026-01-09 18:13:42 [INFO] 
2026-01-09 18:13:42 [INFO] ############################################################
2026-01-09 18:13:42 [INFO] # STEP 4: 히스토리 기록
2026-01-09 18:13:42 [INFO] ############################################################
2026-01-09 18:13:42 [INFO] 
==================================================
2026-01-09 18:13:42 [INFO] 동기화 히스토리 기록
2026-01-09 18:13:42 [INFO] ==================================================
2026-01-09 18:13:43 [INFO] 히스토리 기록 완료: Success
2026-01-09 18:15:52 [INFO] 
============================================================
2026-01-09 18:15:52 [INFO] Members 'Is Active' 필드 백필
2026-01-09 18:15:52 [INFO] ============================================================
2026-01-09 18:15:59 [INFO] 전체 회원: 2019
2026-01-09 18:15:59 [INFO] 업데이트 대상: 6
2026-01-09 18:15:59 [INFO] 업데이트 완료: 6개
2026-01-09 18:22:08 [INFO] 
============================================================
2026-01-09 18:22:08 [INFO] 필수 필드 검증
2026-01-09 18:22:08 [INFO] ============================================================
2026-01-09 18:22:08 [INFO] 
[Members] 검증 중...
2026-01-09 18:22:15 [INFO]   전체 레코드: 2019
2026-01-09 18:22:15 [INFO]   ✓ Is Active: 모두 정상
2026-01-09 18:22:15 [INFO] 
============================================================
2026-01-09 18:22:15 [INFO] 검증 완료
2026-01-09 18:22:15 [INFO] ============================================================
2026-01-09 18:22:15 [INFO] ✓ 모든 필수 필드가 정상입니다.
2026-01-09 18:23:51 [INFO] 
============================================================
2026-01-09 18:23:51 [INFO] Refunds → Orders Linked Record 복구
2026-01-09 18:23:51 [INFO] ============================================================
2026-01-09 18:24:02 [INFO] Orders: 3106개
2026-01-09 18:24:02 [INFO] Refunds 전체: 71개
2026-01-09 18:24:02 [INFO] 복구 대상: 66개
2026-01-09 18:24:05 [INFO] 복구 완료: 66개
